<?xml version="1.0" encoding="UTF-8"?>
<!-- Generated by org.testng.reporters.JUnitXMLReporter -->
<testsuite hostname="MAA-5CG7041Q2D" ignored="2" name="Test" tests="2" failures="0" timestamp="17 Dec 2019 13:37:18 GMT" time="70.404" errors="0">
  <testcase name="click" time="0.809" classname="com.framework.testcases.TC_001"/>
  <testcase name="scroll" time="9.988" classname="com.framework.testcases.TC_002"/>
  <testcase name="@AfterSuite stopReport" time="0.0" classname="utils.Reporter">
    <ignored/>
  </testcase> <!-- @AfterSuite stopReport -->
  <testcase name="@BeforeSuite startReport" time="0.0" classname="utils.Reporter">
    <ignored/>
  </testcase> <!-- @BeforeSuite startReport -->
</testsuite> <!-- Test -->
